  Sapper.cpp
F:\Other\Games\VS compilied\Sapper\Sapper\Sapper.cpp(82,31): warning C4018: <: несоответствие типов со знаком и без знака
F:\Other\Games\VS compilied\Sapper\Sapper\Sapper.cpp(83,35): warning C4018: <: несоответствие типов со знаком и без знака
F:\Other\Games\VS compilied\Sapper\Sapper\Sapper.cpp(95,27): warning C4018: <: несоответствие типов со знаком и без знака
F:\Other\Games\VS compilied\Sapper\Sapper\Sapper.cpp(96,31): warning C4018: <: несоответствие типов со знаком и без знака
F:\Other\Games\VS compilied\Sapper\Sapper\Sapper.cpp(131,27): warning C4018: <: несоответствие типов со знаком и без знака
F:\Other\Games\VS compilied\Sapper\Sapper\Sapper.cpp(132,31): warning C4018: <: несоответствие типов со знаком и без знака
F:\Other\Games\VS compilied\Sapper\Sapper\Sapper.cpp(137,59): warning C4244: аргумент: преобразование "int" в "float", возможна потеря данных
F:\Other\Games\VS compilied\Sapper\Sapper\Sapper.cpp(137,46): warning C4244: аргумент: преобразование "int" в "float", возможна потеря данных
F:\Other\Games\VS compilied\Sapper\Sapper\Sapper.cpp(146,40): warning C4244: аргумент: преобразование "int" в "float", возможна потеря данных
F:\Other\Games\VS compilied\Sapper\Sapper\Sapper.cpp(152,58): warning C4244: аргумент: преобразование "int" в "float", возможна потеря данных
F:\Other\Games\VS compilied\Sapper\Sapper\Sapper.cpp(158,46): warning C4244: аргумент: преобразование "int" в "float", возможна потеря данных
F:\Other\Games\VS compilied\Sapper\Sapper\Sapper.cpp(165,27): warning C4018: <: несоответствие типов со знаком и без знака
F:\Other\Games\VS compilied\Sapper\Sapper\Sapper.cpp(167,31): warning C4018: <: несоответствие типов со знаком и без знака
F:\Other\Games\VS compilied\Sapper\Sapper\Sapper.cpp(284,27): warning C4018: <: несоответствие типов со знаком и без знака
F:\Other\Games\VS compilied\Sapper\Sapper\Sapper.cpp(373,27): warning C4018: <: несоответствие типов со знаком и без знака
F:\Other\Games\VS compilied\Sapper\Sapper\Sapper.cpp(374,31): warning C4018: <: несоответствие типов со знаком и без знака
F:\Other\Games\VS compilied\Sapper\Sapper\Sapper.cpp(379,31): warning C4018: <: несоответствие типов со знаком и без знака
F:\Other\Games\VS compilied\Sapper\Sapper\Sapper.cpp(380,35): warning C4018: <: несоответствие типов со знаком и без знака
F:\Other\Games\VS compilied\Sapper\Sapper\Sapper.cpp(393,19): warning C4244: инициализация: преобразование "float" в "int", возможна потеря данных
F:\Other\Games\VS compilied\Sapper\Sapper\Sapper.cpp(601,15): warning C4244: аргумент: преобразование "time_t" в "unsigned int", возможна потеря данных
F:\Other\Games\VS compilied\Sapper\Sapper\Sapper.cpp(639,112): warning C4244: аргумент: преобразование "T" в "float", возможна потеря данных
          with
          [
              T=unsigned int
          ]
F:\Other\Games\VS compilied\Sapper\Sapper\Sapper.cpp(639,72): warning C4244: аргумент: преобразование "T" в "float", возможна потеря данных
          with
          [
              T=unsigned int
          ]
F:\Other\Games\VS compilied\Sapper\Sapper\Sapper.cpp(670,79): warning C4244: аргумент: преобразование "T" в "float", возможна потеря данных
          with
          [
              T=unsigned int
          ]
F:\Other\Games\VS compilied\Sapper\Sapper\Sapper.cpp(677,49): warning C4244: аргумент: преобразование "int" в "float", возможна потеря данных
F:\Other\Games\VS compilied\Sapper\Sapper\Sapper.cpp(682,77): warning C4244: аргумент: преобразование "T" в "float", возможна потеря данных
          with
          [
              T=unsigned int
          ]
F:\Other\Games\VS compilied\Sapper\Sapper\Sapper.cpp(889,47): warning C4018: <: несоответствие типов со знаком и без знака
F:\Other\Games\VS compilied\Sapper\Sapper\Sapper.cpp(890,51): warning C4018: <: несоответствие типов со знаком и без знака
F:\Other\Games\VS compilied\Sapper\Sapper\Sapper.cpp(912,43): warning C4018: <: несоответствие типов со знаком и без знака
F:\Other\Games\VS compilied\Sapper\Sapper\Sapper.cpp(913,47): warning C4018: <: несоответствие типов со знаком и без знака
F:\Other\Games\VS compilied\Sapper\Sapper\Sapper.cpp(925,43): warning C4018: <: несоответствие типов со знаком и без знака
F:\Other\Games\VS compilied\Sapper\Sapper\Sapper.cpp(926,47): warning C4018: <: несоответствие типов со знаком и без знака
F:\Other\Games\VS compilied\Sapper\Sapper\Sapper.cpp(952,42): warning C4018: <: несоответствие типов со знаком и без знака
F:\Other\Games\VS compilied\Sapper\Sapper\Sapper.cpp(953,47): warning C4018: <: несоответствие типов со знаком и без знака
F:\Other\Games\VS compilied\Sapper\Sapper\Sapper.cpp(968,43): warning C4018: <: несоответствие типов со знаком и без знака
F:\Other\Games\VS compilied\Sapper\Sapper\Sapper.cpp(969,47): warning C4018: <: несоответствие типов со знаком и без знака
F:\Other\Games\VS compilied\Sapper\Sapper\Sapper.cpp(978,54): warning C4244: =: преобразование "int" в "float", возможна потеря данных
F:\Other\Games\VS compilied\Sapper\Sapper\Sapper.cpp(979,43): warning C4018: <: несоответствие типов со знаком и без знака
F:\Other\Games\VS compilied\Sapper\Sapper\Sapper.cpp(980,47): warning C4018: <: несоответствие типов со знаком и без знака
F:\Other\Games\VS compilied\Sapper\Sapper\Sapper.cpp(1002,35): warning C4018: <: несоответствие типов со знаком и без знака
F:\Other\Games\VS compilied\Sapper\Sapper\Sapper.cpp(1003,39): warning C4018: <: несоответствие типов со знаком и без знака
  Sapper.vcxproj -> F:\Other\Games\VS compilied\Sapper\Debug\Sapper.exe
